2021-07-12T14:36:15.539+0530 [DEBUG] [org.gradle.launcher.daemon.bootstrap.DaemonMain] Assuming the daemon was started with following jvm opts: [-XX:MaxMetaspaceSize=256m, -XX:+HeapDumpOnOutOfMemoryError, -javaagent:C:\Program Files\Android\Android Studio\plugins\android\resources\trace_agent.jar=C:\Users\hp\AppData\Local\Temp\sync.trace.profile, --add-opens, java.base/java.util=ALL-UNNAMED, --add-opens, java.base/java.lang=ALL-UNNAMED, --add-opens, java.base/java.lang.invoke=ALL-UNNAMED, --add-opens, java.prefs/java.util.prefs=ALL-UNNAMED, -Xms256m, -Xmx512m, -Dfile.encoding=windows-1252, -Duser.country=IN, -Duser.language=en, -Duser.variant]
2021-07-12T14:36:16.067+0530 [DEBUG] [org.gradle.internal.nativeintegration.services.NativeServices] Native-platform posix files integration is not available. Continuing with fallback.
2021-07-12T14:36:16.132+0530 [INFO] [org.gradle.launcher.daemon.server.Daemon] start() called on daemon - DefaultDaemonContext[uid=3a41822d-f43f-4022-bdea-222363748e02,javaHome=C:\Program Files\Android\Android Studio\jre,daemonRegistryDir=C:\Users\hp\AndroidStudioProjects\m3-shapes\daemon,pid=15132,idleTimeout=10800000,priority=NORMAL,daemonOpts=-XX:MaxMetaspaceSize=256m,-XX:+HeapDumpOnOutOfMemoryError,-javaagent:C:\Program Files\Android\Android Studio\plugins\android\resources\trace_agent.jar=C:\Users\hp\AppData\Local\Temp\sync.trace.profile,--add-opens,java.base/java.util=ALL-UNNAMED,--add-opens,java.base/java.lang=ALL-UNNAMED,--add-opens,java.base/java.lang.invoke=ALL-UNNAMED,--add-opens,java.prefs/java.util.prefs=ALL-UNNAMED,-Xms256m,-Xmx512m,-Dfile.encoding=windows-1252,-Duser.country=IN,-Duser.language=en,-Duser.variant]
2021-07-12T14:36:17.036+0530 [DEBUG] [org.gradle.internal.remote.internal.inet.InetAddresses] Adding IP addresses for network interface Software Loopback Interface 1
2021-07-12T14:36:17.045+0530 [DEBUG] [org.gradle.internal.remote.internal.inet.InetAddresses] Is this a loopback interface? true
2021-07-12T14:36:17.060+0530 [DEBUG] [org.gradle.internal.remote.internal.inet.InetAddresses] Adding loopback address /127.0.0.1
2021-07-12T14:36:17.069+0530 [DEBUG] [org.gradle.internal.remote.internal.inet.InetAddresses] Adding loopback address /0:0:0:0:0:0:0:1
2021-07-12T14:36:17.102+0530 [DEBUG] [org.gradle.internal.remote.internal.inet.InetAddresses] Adding IP addresses for network interface Microsoft 6to4 Adapter
2021-07-12T14:36:17.109+0530 [DEBUG] [org.gradle.internal.remote.internal.inet.InetAddresses] Is this a loopback interface? false
2021-07-12T14:36:17.110+0530 [DEBUG] [org.gradle.internal.remote.internal.inet.InetAddresses] Adding IP addresses for network interface TAP-ProtonVPN Windows Adapter V9
2021-07-12T14:36:17.116+0530 [DEBUG] [org.gradle.internal.remote.internal.inet.InetAddresses] Is this a loopback interface? false
2021-07-12T14:36:17.117+0530 [DEBUG] [org.gradle.internal.remote.internal.inet.InetAddresses] Adding remote address /fe80:0:0:0:5cd4:82ef:d6df:a7cf%net1
2021-07-12T14:36:17.118+0530 [DEBUG] [org.gradle.internal.remote.internal.inet.InetAddresses] Adding IP addresses for network interface Microsoft Kernel Debug Network Adapter
2021-07-12T14:36:17.126+0530 [DEBUG] [org.gradle.internal.remote.internal.inet.InetAddresses] Is this a loopback interface? false
2021-07-12T14:36:17.126+0530 [DEBUG] [org.gradle.internal.remote.internal.inet.InetAddresses] Adding IP addresses for network interface Microsoft IP-HTTPS Platform Adapter
2021-07-12T14:36:17.130+0530 [DEBUG] [org.gradle.internal.remote.internal.inet.InetAddresses] Is this a loopback interface? false
2021-07-12T14:36:17.131+0530 [DEBUG] [org.gradle.internal.remote.internal.inet.InetAddresses] Adding IP addresses for network interface Microsoft Wi-Fi Direct Virtual Adapter #2
2021-07-12T14:36:17.135+0530 [DEBUG] [org.gradle.internal.remote.internal.inet.InetAddresses] Is this a loopback interface? false
2021-07-12T14:36:17.136+0530 [DEBUG] [org.gradle.internal.remote.internal.inet.InetAddresses] Adding IP addresses for network interface WAN Miniport (Network Monitor)
2021-07-12T14:36:17.147+0530 [DEBUG] [org.gradle.internal.remote.internal.inet.InetAddresses] Is this a loopback interface? false
2021-07-12T14:36:17.147+0530 [DEBUG] [org.gradle.internal.remote.internal.inet.InetAddresses] Adding IP addresses for network interface WAN Miniport (SSTP)
2021-07-12T14:36:17.163+0530 [DEBUG] [org.gradle.internal.remote.internal.inet.InetAddresses] Is this a loopback interface? false
2021-07-12T14:36:17.164+0530 [DEBUG] [org.gradle.internal.remote.internal.inet.InetAddresses] Adding IP addresses for network interface WAN Miniport (PPPOE)
2021-07-12T14:36:17.169+0530 [DEBUG] [org.gradle.internal.remote.internal.inet.InetAddresses] Is this a loopback interface? false
2021-07-12T14:36:17.170+0530 [DEBUG] [org.gradle.internal.remote.internal.inet.InetAddresses] Adding IP addresses for network interface Bluetooth Device (Personal Area Network)
2021-07-12T14:36:17.173+0530 [DEBUG] [org.gradle.internal.remote.internal.inet.InetAddresses] Is this a loopback interface? false
2021-07-12T14:36:17.184+0530 [DEBUG] [org.gradle.internal.remote.internal.inet.InetAddresses] Adding IP addresses for network interface Microsoft Teredo Tunneling Adapter
2021-07-12T14:36:17.189+0530 [DEBUG] [org.gradle.internal.remote.internal.inet.InetAddresses] Is this a loopback interface? false
2021-07-12T14:36:17.190+0530 [DEBUG] [org.gradle.internal.remote.internal.inet.InetAddresses] Adding IP addresses for network interface WAN Miniport (IPv6)
2021-07-12T14:36:17.195+0530 [DEBUG] [org.gradle.internal.remote.internal.inet.InetAddresses] Is this a loopback interface? false
2021-07-12T14:36:17.196+0530 [DEBUG] [org.gradle.internal.remote.internal.inet.InetAddresses] Adding IP addresses for network interface Microsoft Wi-Fi Direct Virtual Adapter
2021-07-12T14:36:17.202+0530 [DEBUG] [org.gradle.internal.remote.internal.inet.InetAddresses] Is this a loopback interface? false
2021-07-12T14:36:17.203+0530 [DEBUG] [org.gradle.internal.remote.internal.inet.InetAddresses] Adding IP addresses for network interface WAN Miniport (IP)
2021-07-12T14:36:17.206+0530 [DEBUG] [org.gradle.internal.remote.internal.inet.InetAddresses] Is this a loopback interface? false
2021-07-12T14:36:17.207+0530 [DEBUG] [org.gradle.internal.remote.internal.inet.InetAddresses] Adding IP addresses for network interface WAN Miniport (IKEv2)
2021-07-12T14:36:17.214+0530 [DEBUG] [org.gradle.internal.remote.internal.inet.InetAddresses] Is this a loopback interface? false
2021-07-12T14:36:17.215+0530 [DEBUG] [org.gradle.internal.remote.internal.inet.InetAddresses] Adding IP addresses for network interface Intel(R) Ethernet Connection I218-LM
2021-07-12T14:36:17.221+0530 [DEBUG] [org.gradle.internal.remote.internal.inet.InetAddresses] Is this a loopback interface? false
2021-07-12T14:36:17.222+0530 [DEBUG] [org.gradle.internal.remote.internal.inet.InetAddresses] Adding IP addresses for network interface WAN Miniport (L2TP)
2021-07-12T14:36:17.225+0530 [DEBUG] [org.gradle.internal.remote.internal.inet.InetAddresses] Is this a loopback interface? false
2021-07-12T14:36:17.226+0530 [DEBUG] [org.gradle.internal.remote.internal.inet.InetAddresses] Adding IP addresses for network interface Intel(R) Dual Band Wireless-AC 7260
2021-07-12T14:36:17.240+0530 [DEBUG] [org.gradle.internal.remote.internal.inet.InetAddresses] Is this a loopback interface? false
2021-07-12T14:36:17.241+0530 [DEBUG] [org.gradle.internal.remote.internal.inet.InetAddresses] Adding remote address /192.168.43.210
2021-07-12T14:36:17.241+0530 [DEBUG] [org.gradle.internal.remote.internal.inet.InetAddresses] Adding IP addresses for network interface WAN Miniport (PPTP)
2021-07-12T14:36:17.250+0530 [DEBUG] [org.gradle.internal.remote.internal.inet.InetAddresses] Is this a loopback interface? false
2021-07-12T14:36:17.251+0530 [DEBUG] [org.gradle.internal.remote.internal.inet.InetAddresses] Adding IP addresses for network interface Microsoft Wi-Fi Direct Virtual Adapter #3
2021-07-12T14:36:17.254+0530 [DEBUG] [org.gradle.internal.remote.internal.inet.InetAddresses] Is this a loopback interface? false
2021-07-12T14:36:17.255+0530 [DEBUG] [org.gradle.internal.remote.internal.inet.InetAddresses] Adding IP addresses for network interface TAP-ProtonVPN Windows Adapter V9-WFP Native MAC Layer LightWeight Filter-0000
2021-07-12T14:36:17.259+0530 [DEBUG] [org.gradle.internal.remote.internal.inet.InetAddresses] Is this a loopback interface? false
2021-07-12T14:36:17.259+0530 [DEBUG] [org.gradle.internal.remote.internal.inet.InetAddresses] Adding IP addresses for network interface TAP-ProtonVPN Windows Adapter V9-QoS Packet Scheduler-0000
2021-07-12T14:36:17.264+0530 [DEBUG] [org.gradle.internal.remote.internal.inet.InetAddresses] Is this a loopback interface? false
2021-07-12T14:36:17.265+0530 [DEBUG] [org.gradle.internal.remote.internal.inet.InetAddresses] Adding IP addresses for network interface Intel(R) Ethernet Connection I218-LM-WFP Native MAC Layer LightWeight Filter-0000
2021-07-12T14:36:17.270+0530 [DEBUG] [org.gradle.internal.remote.internal.inet.InetAddresses] Is this a loopback interface? false
2021-07-12T14:36:17.271+0530 [DEBUG] [org.gradle.internal.remote.internal.inet.InetAddresses] Adding IP addresses for network interface Intel(R) Ethernet Connection I218-LM-QoS Packet Scheduler-0000
2021-07-12T14:36:17.274+0530 [DEBUG] [org.gradle.internal.remote.internal.inet.InetAddresses] Is this a loopback interface? false
2021-07-12T14:36:17.274+0530 [DEBUG] [org.gradle.internal.remote.internal.inet.InetAddresses] Adding IP addresses for network interface Intel(R) Ethernet Connection I218-LM-WFP 802.3 MAC Layer LightWeight Filter-0000
2021-07-12T14:36:17.277+0530 [DEBUG] [org.gradle.internal.remote.internal.inet.InetAddresses] Is this a loopback interface? false
2021-07-12T14:36:17.277+0530 [DEBUG] [org.gradle.internal.remote.internal.inet.InetAddresses] Adding IP addresses for network interface TAP-ProtonVPN Windows Adapter V9-WFP 802.3 MAC Layer LightWeight Filter-0000
2021-07-12T14:36:17.280+0530 [DEBUG] [org.gradle.internal.remote.internal.inet.InetAddresses] Is this a loopback interface? false
2021-07-12T14:36:17.281+0530 [DEBUG] [org.gradle.internal.remote.internal.inet.InetAddresses] Adding IP addresses for network interface Intel(R) Dual Band Wireless-AC 7260-WFP Native MAC Layer LightWeight Filter-0000
2021-07-12T14:36:17.284+0530 [DEBUG] [org.gradle.internal.remote.internal.inet.InetAddresses] Is this a loopback interface? false
2021-07-12T14:36:17.285+0530 [DEBUG] [org.gradle.internal.remote.internal.inet.InetAddresses] Adding IP addresses for network interface Intel(R) Dual Band Wireless-AC 7260-Virtual WiFi Filter Driver-0000
2021-07-12T14:36:17.288+0530 [DEBUG] [org.gradle.internal.remote.internal.inet.InetAddresses] Is this a loopback interface? false
2021-07-12T14:36:17.288+0530 [DEBUG] [org.gradle.internal.remote.internal.inet.InetAddresses] Adding IP addresses for network interface Intel(R) Dual Band Wireless-AC 7260-Native WiFi Filter Driver-0000
2021-07-12T14:36:17.292+0530 [DEBUG] [org.gradle.internal.remote.internal.inet.InetAddresses] Is this a loopback interface? false
2021-07-12T14:36:17.292+0530 [DEBUG] [org.gradle.internal.remote.internal.inet.InetAddresses] Adding IP addresses for network interface Intel(R) Dual Band Wireless-AC 7260-QoS Packet Scheduler-0000
2021-07-12T14:36:17.296+0530 [DEBUG] [org.gradle.internal.remote.internal.inet.InetAddresses] Is this a loopback interface? false
2021-07-12T14:36:17.296+0530 [DEBUG] [org.gradle.internal.remote.internal.inet.InetAddresses] Adding IP addresses for network interface Intel(R) Dual Band Wireless-AC 7260-WFP 802.3 MAC Layer LightWeight Filter-0000
2021-07-12T14:36:17.300+0530 [DEBUG] [org.gradle.internal.remote.internal.inet.InetAddresses] Is this a loopback interface? false
2021-07-12T14:36:17.301+0530 [DEBUG] [org.gradle.internal.remote.internal.inet.InetAddresses] Adding IP addresses for network interface Microsoft Wi-Fi Direct Virtual Adapter-WFP Native MAC Layer LightWeight Filter-0000
2021-07-12T14:36:17.304+0530 [DEBUG] [org.gradle.internal.remote.internal.inet.InetAddresses] Is this a loopback interface? false
2021-07-12T14:36:17.304+0530 [DEBUG] [org.gradle.internal.remote.internal.inet.InetAddresses] Adding IP addresses for network interface Microsoft Wi-Fi Direct Virtual Adapter-Native WiFi Filter Driver-0000
2021-07-12T14:36:17.308+0530 [DEBUG] [org.gradle.internal.remote.internal.inet.InetAddresses] Is this a loopback interface? false
2021-07-12T14:36:17.309+0530 [DEBUG] [org.gradle.internal.remote.internal.inet.InetAddresses] Adding IP addresses for network interface Microsoft Wi-Fi Direct Virtual Adapter-QoS Packet Scheduler-0000
2021-07-12T14:36:17.312+0530 [DEBUG] [org.gradle.internal.remote.internal.inet.InetAddresses] Is this a loopback interface? false
2021-07-12T14:36:17.315+0530 [DEBUG] [org.gradle.internal.remote.internal.inet.InetAddresses] Adding IP addresses for network interface Microsoft Wi-Fi Direct Virtual Adapter-WFP 802.3 MAC Layer LightWeight Filter-0000
2021-07-12T14:36:17.319+0530 [DEBUG] [org.gradle.internal.remote.internal.inet.InetAddresses] Is this a loopback interface? false
2021-07-12T14:36:17.319+0530 [DEBUG] [org.gradle.internal.remote.internal.inet.InetAddresses] Adding IP addresses for network interface WAN Miniport (IP)-WFP Native MAC Layer LightWeight Filter-0000
2021-07-12T14:36:17.323+0530 [DEBUG] [org.gradle.internal.remote.internal.inet.InetAddresses] Is this a loopback interface? false
2021-07-12T14:36:17.323+0530 [DEBUG] [org.gradle.internal.remote.internal.inet.InetAddresses] Adding IP addresses for network interface WAN Miniport (IP)-QoS Packet Scheduler-0000
2021-07-12T14:36:17.327+0530 [DEBUG] [org.gradle.internal.remote.internal.inet.InetAddresses] Is this a loopback interface? false
2021-07-12T14:36:17.328+0530 [DEBUG] [org.gradle.internal.remote.internal.inet.InetAddresses] Adding IP addresses for network interface WAN Miniport (IPv6)-WFP Native MAC Layer LightWeight Filter-0000
2021-07-12T14:36:17.332+0530 [DEBUG] [org.gradle.internal.remote.internal.inet.InetAddresses] Is this a loopback interface? false
2021-07-12T14:36:17.333+0530 [DEBUG] [org.gradle.internal.remote.internal.inet.InetAddresses] Adding IP addresses for network interface WAN Miniport (IPv6)-QoS Packet Scheduler-0000
2021-07-12T14:36:17.337+0530 [DEBUG] [org.gradle.internal.remote.internal.inet.InetAddresses] Is this a loopback interface? false
2021-07-12T14:36:17.337+0530 [DEBUG] [org.gradle.internal.remote.internal.inet.InetAddresses] Adding IP addresses for network interface WAN Miniport (Network Monitor)-WFP Native MAC Layer LightWeight Filter-0000
2021-07-12T14:36:17.341+0530 [DEBUG] [org.gradle.internal.remote.internal.inet.InetAddresses] Is this a loopback interface? false
2021-07-12T14:36:17.342+0530 [DEBUG] [org.gradle.internal.remote.internal.inet.InetAddresses] Adding IP addresses for network interface WAN Miniport (Network Monitor)-QoS Packet Scheduler-0000
2021-07-12T14:36:17.347+0530 [DEBUG] [org.gradle.internal.remote.internal.inet.InetAddresses] Is this a loopback interface? false
2021-07-12T14:36:17.348+0530 [DEBUG] [org.gradle.internal.remote.internal.inet.InetAddresses] Adding IP addresses for network interface Microsoft Wi-Fi Direct Virtual Adapter #2-WFP Native MAC Layer LightWeight Filter-0000
2021-07-12T14:36:17.351+0530 [DEBUG] [org.gradle.internal.remote.internal.inet.InetAddresses] Is this a loopback interface? false
2021-07-12T14:36:17.351+0530 [DEBUG] [org.gradle.internal.remote.internal.inet.InetAddresses] Adding IP addresses for network interface Microsoft Wi-Fi Direct Virtual Adapter #2-Native WiFi Filter Driver-0000
2021-07-12T14:36:17.355+0530 [DEBUG] [org.gradle.internal.remote.internal.inet.InetAddresses] Is this a loopback interface? false
2021-07-12T14:36:17.355+0530 [DEBUG] [org.gradle.internal.remote.internal.inet.InetAddresses] Adding IP addresses for network interface Microsoft Wi-Fi Direct Virtual Adapter #2-QoS Packet Scheduler-0000
2021-07-12T14:36:17.358+0530 [DEBUG] [org.gradle.internal.remote.internal.inet.InetAddresses] Is this a loopback interface? false
2021-07-12T14:36:17.359+0530 [DEBUG] [org.gradle.internal.remote.internal.inet.InetAddresses] Adding IP addresses for network interface Microsoft Wi-Fi Direct Virtual Adapter #2-WFP 802.3 MAC Layer LightWeight Filter-0000
2021-07-12T14:36:17.362+0530 [DEBUG] [org.gradle.internal.remote.internal.inet.InetAddresses] Is this a loopback interface? false
2021-07-12T14:36:17.369+0530 [DEBUG] [org.gradle.internal.remote.internal.inet.TcpIncomingConnector] Listening on [4d2ad540-3172-4768-b478-b00974deb72f port:51894, addresses:[localhost/127.0.0.1]].
2021-07-12T14:36:17.407+0530 [DEBUG] [org.gradle.launcher.daemon.server.Daemon] Daemon starting at: Mon Jul 12 14:36:17 IST 2021, with address: [4d2ad540-3172-4768-b478-b00974deb72f port:51894, addresses:[localhost/127.0.0.1]]
2021-07-12T14:36:17.407+0530 [INFO] [org.gradle.launcher.daemon.server.DaemonRegistryUpdater] Advertising the daemon address to the clients: [4d2ad540-3172-4768-b478-b00974deb72f port:51894, addresses:[localhost/127.0.0.1]]
2021-07-12T14:36:17.408+0530 [DEBUG] [org.gradle.launcher.daemon.server.DaemonRegistryUpdater] Advertised daemon context: DefaultDaemonContext[uid=3a41822d-f43f-4022-bdea-222363748e02,javaHome=C:\Program Files\Android\Android Studio\jre,daemonRegistryDir=C:\Users\hp\AndroidStudioProjects\m3-shapes\daemon,pid=15132,idleTimeout=10800000,priority=NORMAL,daemonOpts=-XX:MaxMetaspaceSize=256m,-XX:+HeapDumpOnOutOfMemoryError,-javaagent:C:\Program Files\Android\Android Studio\plugins\android\resources\trace_agent.jar=C:\Users\hp\AppData\Local\Temp\sync.trace.profile,--add-opens,java.base/java.util=ALL-UNNAMED,--add-opens,java.base/java.lang=ALL-UNNAMED,--add-opens,java.base/java.lang.invoke=ALL-UNNAMED,--add-opens,java.prefs/java.util.prefs=ALL-UNNAMED,-Xms256m,-Xmx512m,-Dfile.encoding=windows-1252,-Duser.country=IN,-Duser.language=en,-Duser.variant]
2021-07-12T14:36:17.412+0530 [DEBUG] [org.gradle.launcher.daemon.registry.PersistentDaemonRegistry] Storing daemon address: [4d2ad540-3172-4768-b478-b00974deb72f port:51894, addresses:[localhost/127.0.0.1]], context: DefaultDaemonContext[uid=3a41822d-f43f-4022-bdea-222363748e02,javaHome=C:\Program Files\Android\Android Studio\jre,daemonRegistryDir=C:\Users\hp\AndroidStudioProjects\m3-shapes\daemon,pid=15132,idleTimeout=10800000,priority=NORMAL,daemonOpts=-XX:MaxMetaspaceSize=256m,-XX:+HeapDumpOnOutOfMemoryError,-javaagent:C:\Program Files\Android\Android Studio\plugins\android\resources\trace_agent.jar=C:\Users\hp\AppData\Local\Temp\sync.trace.profile,--add-opens,java.base/java.util=ALL-UNNAMED,--add-opens,java.base/java.lang=ALL-UNNAMED,--add-opens,java.base/java.lang.invoke=ALL-UNNAMED,--add-opens,java.prefs/java.util.prefs=ALL-UNNAMED,-Xms256m,-Xmx512m,-Dfile.encoding=windows-1252,-Duser.country=IN,-Duser.language=en,-Duser.variant]
2021-07-12T14:36:17.490+0530 [DEBUG] [org.gradle.cache.internal.DefaultFileLockManager] Waiting to acquire exclusive lock on daemon addresses registry.
2021-07-12T14:36:17.497+0530 [DEBUG] [org.gradle.cache.internal.DefaultFileLockManager] Lock acquired on daemon addresses registry.
2021-07-12T14:36:17.522+0530 [DEBUG] [org.gradle.cache.internal.DefaultFileLockManager] Releasing lock on daemon addresses registry.
2021-07-12T14:36:17.523+0530 [LIFECYCLE] [org.gradle.launcher.daemon.server.Daemon] Daemon server started.
2021-07-12T14:36:17.537+0530 [DEBUG] [org.gradle.launcher.daemon.bootstrap.DaemonStartupCommunication] Completed writing the daemon greeting. Closing streams...
2021-07-12T14:36:17.573+0530 [DEBUG] [org.gradle.internal.remote.internal.inet.TcpIncomingConnector] Accepted connection from /127.0.0.1:51895 to /127.0.0.1:51894.
2021-07-12T14:36:17.658+0530 [DEBUG] [org.gradle.launcher.daemon.server.Daemon] stopOnExpiration() called on daemon
2021-07-12T14:36:17.678+0530 [DEBUG] [org.gradle.launcher.daemon.server.Daemon] awaitExpiration() called on daemon
2021-07-12T14:36:17.679+0530 [DEBUG] [org.gradle.launcher.daemon.server.DaemonStateCoordinator] daemon is running. Sleeping until state changes.
2021-07-12T14:36:17.870+0530 [DEBUG] [org.gradle.launcher.daemon.server.SynchronizedDispatchConnection] thread 19: received class org.gradle.launcher.daemon.protocol.Build
2021-07-12T14:36:17.871+0530 [DEBUG] [org.gradle.launcher.daemon.server.DefaultDaemonConnection] thread 19: Received non-IO message from client: Build{id=3e00c14d-2818-4e1c-a4cf-c3c884197e87, currentDir=C:\Users\hp\AndroidStudioProjects\m4-diamonds}
2021-07-12T14:36:17.872+0530 [INFO] [org.gradle.launcher.daemon.server.DefaultIncomingConnectionHandler] Received command: Build{id=3e00c14d-2818-4e1c-a4cf-c3c884197e87, currentDir=C:\Users\hp\AndroidStudioProjects\m4-diamonds}.
2021-07-12T14:36:17.872+0530 [DEBUG] [org.gradle.launcher.daemon.server.DefaultIncomingConnectionHandler] Starting executing command: Build{id=3e00c14d-2818-4e1c-a4cf-c3c884197e87, currentDir=C:\Users\hp\AndroidStudioProjects\m4-diamonds} with connection: socket connection from /127.0.0.1:51894 to /127.0.0.1:51895.
2021-07-12T14:36:17.940+0530 [ERROR] [org.gradle.launcher.daemon.server.DaemonStateCoordinator] Command execution: started DaemonCommandExecution[command = Build{id=3e00c14d-2818-4e1c-a4cf-c3c884197e87, currentDir=C:\Users\hp\AndroidStudioProjects\m4-diamonds}, connection = DefaultDaemonConnection: socket connection from /127.0.0.1:51894 to /127.0.0.1:51895] after 0.0 minutes of idle
2021-07-12T14:36:17.941+0530 [INFO] [org.gradle.launcher.daemon.server.DaemonRegistryUpdater] Marking the daemon as busy, address: [4d2ad540-3172-4768-b478-b00974deb72f port:51894, addresses:[localhost/127.0.0.1]]
2021-07-12T14:36:17.942+0530 [DEBUG] [org.gradle.launcher.daemon.registry.PersistentDaemonRegistry] Marking busy by address: [4d2ad540-3172-4768-b478-b00974deb72f port:51894, addresses:[localhost/127.0.0.1]]
2021-07-12T14:36:17.949+0530 [DEBUG] [org.gradle.cache.internal.DefaultFileLockManager] Waiting to acquire exclusive lock on daemon addresses registry.
2021-07-12T14:36:17.959+0530 [DEBUG] [org.gradle.cache.internal.DefaultFileLockManager] Lock acquired on daemon addresses registry.
2021-07-12T14:36:17.985+0530 [DEBUG] [org.gradle.cache.internal.DefaultFileLockManager] Releasing lock on daemon addresses registry.
2021-07-12T14:36:17.991+0530 [DEBUG] [org.gradle.launcher.daemon.server.DaemonStateCoordinator] resetting idle timer
2021-07-12T14:36:17.992+0530 [DEBUG] [org.gradle.launcher.daemon.server.DaemonStateCoordinator] daemon is running. Sleeping until state changes.
2021-07-12T14:36:18.001+0530 [INFO] [org.gradle.launcher.daemon.server.exec.StartBuildOrRespondWithBusy] Daemon is about to start building Build{id=3e00c14d-2818-4e1c-a4cf-c3c884197e87, currentDir=C:\Users\hp\AndroidStudioProjects\m4-diamonds}. Dispatching build started information...
2021-07-12T14:36:18.002+0530 [DEBUG] [org.gradle.launcher.daemon.server.SynchronizedDispatchConnection] thread 21: dispatching org.gradle.launcher.daemon.protocol.BuildStarted@7c0fd4f7
2021-07-12T14:36:18.010+0530 [DEBUG] [org.gradle.launcher.daemon.server.exec.EstablishBuildEnvironment] Configuring env variables: [USERDOMAIN_ROAMINGPROFILE, LOCALAPPDATA, PROCESSOR_LEVEL, USERDOMAIN, LOGONSERVER, JAVA_HOME, SESSIONNAME, ALLUSERSPROFILE, PROCESSOR_ARCHITECTURE, PSModulePath, SystemDrive, QT_DEVICE_PIXEL_RATIO, OneDrive, APPDATA, USERNAME, ProgramFiles(x86), CommonProgramFiles, ANDROID_ADB_SERVER_PORT, Path, PT7HOME, PATHEXT, DriverData, OS, OneDriveConsumer, COMPUTERNAME, PROCESSOR_REVISION, CommonProgramW6432, ComSpec, ProgramData, ProgramW6432, HOMEPATH, SystemRoot, TEMP, PROCESSOR_IDENTIFIER, USERPROFILE, HOMEDRIVE, TMP, ProgramFiles, CommonProgramFiles(x86), PUBLIC, NUMBER_OF_PROCESSORS, windir, =::, IDEA_INITIAL_DIRECTORY]
2021-07-12T14:36:18.048+0530 [DEBUG] [org.gradle.launcher.daemon.server.exec.LogToClient] About to start relaying all logs to the client via the connection.
2021-07-12T14:36:18.050+0530 [INFO] [org.gradle.launcher.daemon.server.exec.LogToClient] The client will now receive all logging from the daemon (pid: 15132). The daemon log file: C:\Users\hp\AndroidStudioProjects\m3-shapes\daemon\6.7.1\daemon-15132.out.log
2021-07-12T14:36:18.061+0530 [INFO] [org.gradle.launcher.daemon.server.exec.LogAndCheckHealth] Starting build in new daemon [memory: 536.9 MB]
2021-07-12T14:36:18.098+0530 [DEBUG] [org.gradle.launcher.daemon.server.exec.ExecuteBuild] The daemon has started executing the build.
2021-07-12T14:36:18.100+0530 [DEBUG] [org.gradle.launcher.daemon.server.exec.ExecuteBuild] Executing build with daemon context: DefaultDaemonContext[uid=3a41822d-f43f-4022-bdea-222363748e02,javaHome=C:\Program Files\Android\Android Studio\jre,daemonRegistryDir=C:\Users\hp\AndroidStudioProjects\m3-shapes\daemon,pid=15132,idleTimeout=10800000,priority=NORMAL,daemonOpts=-XX:MaxMetaspaceSize=256m,-XX:+HeapDumpOnOutOfMemoryError,-javaagent:C:\Program Files\Android\Android Studio\plugins\android\resources\trace_agent.jar=C:\Users\hp\AppData\Local\Temp\sync.trace.profile,--add-opens,java.base/java.util=ALL-UNNAMED,--add-opens,java.base/java.lang=ALL-UNNAMED,--add-opens,java.base/java.lang.invoke=ALL-UNNAMED,--add-opens,java.prefs/java.util.prefs=ALL-UNNAMED,-Xms256m,-Xmx512m,-Dfile.encoding=windows-1252,-Duser.country=IN,-Duser.language=en,-Duser.variant]
java.lang.IndexOutOfBoundsException: Index -1 out of bounds for length 0
	at java.base/jdk.internal.util.Preconditions.outOfBounds(Preconditions.java:64)
	at java.base/jdk.internal.util.Preconditions.outOfBoundsCheckIndex(Preconditions.java:70)
	at java.base/jdk.internal.util.Preconditions.checkIndex(Preconditions.java:248)
	at java.base/java.util.Objects.checkIndex(Objects.java:372)
	at java.base/java.util.ArrayList.remove(ArrayList.java:536)
	at com.android.tools.tracer.agent.objectweb.asm.commons.AdviceAdapter.popValue(AdviceAdapter.java:604)
	at com.android.tools.tracer.agent.objectweb.asm.commons.AdviceAdapter.visitVarInsn(AdviceAdapter.java:347)
	at com.android.tools.tracer.agent.objectweb.asm.ClassReader.readCode(ClassReader.java:2168)
	at com.android.tools.tracer.agent.objectweb.asm.ClassReader.readMethod(ClassReader.java:1275)
	at com.android.tools.tracer.agent.objectweb.asm.ClassReader.accept(ClassReader.java:679)
	at com.android.tools.tracer.agent.objectweb.asm.ClassReader.accept(ClassReader.java:391)
	at com.android.tools.tracer.agent.TraceTransformer.transform(TraceTransformer.java:47)
	at java.instrument/java.lang.instrument.ClassFileTransformer.transform(ClassFileTransformer.java:246)
	at java.instrument/sun.instrument.TransformerManager.transform(TransformerManager.java:188)
	at java.instrument/sun.instrument.InstrumentationImpl.transform(InstrumentationImpl.java:563)
	at java.base/java.lang.ClassLoader.defineClass1(Native Method)
	at java.base/java.lang.ClassLoader.defineClass(ClassLoader.java:1017)
	at java.base/java.security.SecureClassLoader.defineClass(SecureClassLoader.java:174)
	at java.base/java.net.URLClassLoader.defineClass(URLClassLoader.java:550)
	at java.base/java.net.URLClassLoader$1.run(URLClassLoader.java:458)
	at java.base/java.net.URLClassLoader$1.run(URLClassLoader.java:452)
	at java.base/java.security.AccessController.doPrivileged(Native Method)
	at java.base/java.net.URLClassLoader.findClass(URLClassLoader.java:451)
	at java.base/java.lang.ClassLoader.loadClass(ClassLoader.java:589)
	at java.base/java.lang.ClassLoader.loadClass(ClassLoader.java:522)
	at com.android.build.gradle.internal.tasks.DexArchiveBuilderTaskDelegate.<init>(DexArchiveBuilderTaskDelegate.kt:118)
	at com.android.build.gradle.internal.tasks.DexArchiveBuilderTaskDelegate.<init>(DexArchiveBuilderTaskDelegate.kt:113)
	at com.android.build.gradle.internal.tasks.DexArchiveBuilderTask.doTaskAction(DexArchiveBuilderTask.kt:234)
	at com.android.build.gradle.internal.tasks.NewIncrementalTask$taskAction$$inlined$recordTaskAction$1.invoke(BaseTask.kt:66)
	at com.android.build.gradle.internal.tasks.Blocks.recordSpan(Blocks.java:51)
	at com.android.build.gradle.internal.tasks.NewIncrementalTask.taskAction(NewIncrementalTask.kt:41)
	at java.base/jdk.internal.reflect.NativeMethodAccessorImpl.invoke0(Native Method)
	at java.base/jdk.internal.reflect.NativeMethodAccessorImpl.invoke(NativeMethodAccessorImpl.java:62)
	at java.base/jdk.internal.reflect.DelegatingMethodAccessorImpl.invoke(DelegatingMethodAccessorImpl.java:43)
	at java.base/java.lang.reflect.Method.invoke(Method.java:566)
	at org.gradle.internal.reflect.JavaMethod.invoke(JavaMethod.java:104)
	at org.gradle.api.internal.project.taskfactory.IncrementalInputsTaskAction.doExecute(IncrementalInputsTaskAction.java:32)
	at org.gradle.api.internal.project.taskfactory.StandardTaskAction.execute(StandardTaskAction.java:51)
	at org.gradle.api.internal.project.taskfactory.AbstractIncrementalTaskAction.execute(AbstractIncrementalTaskAction.java:25)
	at org.gradle.api.internal.project.taskfactory.StandardTaskAction.execute(StandardTaskAction.java:29)
	at org.gradle.api.internal.tasks.execution.ExecuteActionsTaskExecuter$3.run(ExecuteActionsTaskExecuter.java:555)
	at org.gradle.internal.operations.DefaultBuildOperationRunner$1.execute(DefaultBuildOperationRunner.java:29)
	at org.gradle.internal.operations.DefaultBuildOperationRunner$1.execute(DefaultBuildOperationRunner.java:26)
	at org.gradle.internal.operations.DefaultBuildOperationRunner$3.execute(DefaultBuildOperationRunner.java:75)
	at org.gradle.internal.operations.DefaultBuildOperationRunner$3.execute(DefaultBuildOperationRunner.java:68)
	at org.gradle.internal.operations.DefaultBuildOperationRunner.execute(DefaultBuildOperationRunner.java:153)
	at org.gradle.internal.operations.DefaultBuildOperationRunner.execute(DefaultBuildOperationRunner.java:68)
	at org.gradle.internal.operations.DefaultBuildOperationRunner.run(DefaultBuildOperationRunner.java:56)
	at org.gradle.internal.operations.DefaultBuildOperationExecutor.lambda$run$1(DefaultBuildOperationExecutor.java:71)
	at org.gradle.internal.operations.UnmanagedBuildOperationWrapper.runWithUnmanagedSupport(UnmanagedBuildOperationWrapper.java:45)
	at org.gradle.internal.operations.DefaultBuildOperationExecutor.run(DefaultBuildOperationExecutor.java:71)
	at org.gradle.api.internal.tasks.execution.ExecuteActionsTaskExecuter.executeAction(ExecuteActionsTaskExecuter.java:540)
	at org.gradle.api.internal.tasks.execution.ExecuteActionsTaskExecuter.executeActions(ExecuteActionsTaskExecuter.java:523)
	at org.gradle.api.internal.tasks.execution.ExecuteActionsTaskExecuter.access$300(ExecuteActionsTaskExecuter.java:108)
	at org.gradle.api.internal.tasks.execution.ExecuteActionsTaskExecuter$TaskExecution.executeWithPreviousOutputFiles(ExecuteActionsTaskExecuter.java:271)
	at org.gradle.api.internal.tasks.execution.ExecuteActionsTaskExecuter$TaskExecution.execute(ExecuteActionsTaskExecuter.java:260)
	at org.gradle.internal.execution.steps.ExecuteStep.lambda$execute$0(ExecuteStep.java:33)
	at java.base/java.util.Optional.map(Optional.java:265)
	at org.gradle.internal.execution.steps.ExecuteStep.execute(ExecuteStep.java:33)
	at org.gradle.internal.execution.steps.ExecuteStep.execute(ExecuteStep.java:26)
	at org.gradle.internal.execution.steps.CleanupOutputsStep.execute(CleanupOutputsStep.java:67)
	at org.gradle.internal.execution.steps.CleanupOutputsStep.execute(CleanupOutputsStep.java:36)
	at org.gradle.internal.execution.steps.ResolveInputChangesStep.execute(ResolveInputChangesStep.java:49)
	at org.gradle.internal.execution.steps.ResolveInputChangesStep.execute(ResolveInputChangesStep.java:34)
	at org.gradle.internal.execution.steps.CancelExecutionStep.execute(CancelExecutionStep.java:43)
	at org.gradle.internal.execution.steps.TimeoutStep.executeWithoutTimeout(TimeoutStep.java:73)
	at org.gradle.internal.execution.steps.TimeoutStep.execute(TimeoutStep.java:54)
	at org.gradle.internal.execution.steps.CreateOutputsStep.execute(CreateOutputsStep.java:44)
	at org.gradle.internal.execution.steps.SnapshotOutputsStep.execute(SnapshotOutputsStep.java:54)
	at org.gradle.internal.execution.steps.SnapshotOutputsStep.execute(SnapshotOutputsStep.java:38)
	at org.gradle.internal.execution.steps.BroadcastChangingOutputsStep.execute(BroadcastChangingOutputsStep.java:42)
	at org.gradle.internal.execution.steps.CacheStep.executeWithoutCache(CacheStep.java:159)
	at org.gradle.internal.execution.steps.CacheStep.execute(CacheStep.java:72)
	at org.gradle.internal.execution.steps.CacheStep.execute(CacheStep.java:43)
	at org.gradle.internal.execution.steps.StoreExecutionStateStep.execute(StoreExecutionStateStep.java:44)
	at org.gradle.internal.execution.steps.StoreExecutionStateStep.execute(StoreExecutionStateStep.java:33)
	at org.gradle.internal.execution.steps.RecordOutputsStep.execute(RecordOutputsStep.java:38)
	at org.gradle.internal.execution.steps.RecordOutputsStep.execute(RecordOutputsStep.java:24)
	at org.gradle.internal.execution.steps.SkipUpToDateStep.executeBecause(SkipUpToDateStep.java:92)
	at org.gradle.internal.execution.steps.SkipUpToDateStep.lambda$execute$0(SkipUpToDateStep.java:85)
	at java.base/java.util.Optional.map(Optional.java:265)
	at org.gradle.internal.execution.steps.SkipUpToDateStep.execute(SkipUpToDateStep.java:55)
	at org.gradle.internal.execution.steps.SkipUpToDateStep.execute(SkipUpToDateStep.java:39)
	at org.gradle.internal.execution.steps.ResolveChangesStep.execute(ResolveChangesStep.java:76)
	at org.gradle.internal.execution.steps.ResolveChangesStep.execute(ResolveChangesStep.java:37)
	at org.gradle.internal.execution.steps.legacy.MarkSnapshottingInputsFinishedStep.execute(MarkSnapshottingInputsFinishedStep.java:36)
	at org.gradle.internal.execution.steps.legacy.MarkSnapshottingInputsFinishedStep.execute(MarkSnapshottingInputsFinishedStep.java:26)
	at org.gradle.internal.execution.steps.ResolveCachingStateStep.execute(ResolveCachingStateStep.java:94)
	at org.gradle.internal.execution.steps.ResolveCachingStateStep.execute(ResolveCachingStateStep.java:49)
	at org.gradle.internal.execution.steps.CaptureStateBeforeExecutionStep.execute(CaptureStateBeforeExecutionStep.java:79)
	at org.gradle.internal.execution.steps.CaptureStateBeforeExecutionStep.execute(CaptureStateBeforeExecutionStep.java:53)
	at org.gradle.internal.execution.steps.ValidateStep.execute(ValidateStep.java:74)
	at org.gradle.internal.execution.steps.SkipEmptyWorkStep.lambda$execute$2(SkipEmptyWorkStep.java:78)
	at java.base/java.util.Optional.orElseGet(Optional.java:369)
	at org.gradle.internal.execution.steps.SkipEmptyWorkStep.execute(SkipEmptyWorkStep.java:78)
	at org.gradle.internal.execution.steps.SkipEmptyWorkStep.execute(SkipEmptyWorkStep.java:34)
	at org.gradle.internal.execution.steps.legacy.MarkSnapshottingInputsStartedStep.execute(MarkSnapshottingInputsStartedStep.java:39)
	at org.gradle.internal.execution.steps.LoadExecutionStateStep.execute(LoadExecutionStateStep.java:40)
	at org.gradle.internal.execution.steps.LoadExecutionStateStep.execute(LoadExecutionStateStep.java:28)
	at org.gradle.internal.execution.impl.DefaultWorkExecutor.execute(DefaultWorkExecutor.java:33)
	at org.gradle.api.internal.tasks.execution.ExecuteActionsTaskExecuter.executeIfValid(ExecuteActionsTaskExecuter.java:187)
	at org.gradle.api.internal.tasks.execution.ExecuteActionsTaskExecuter.execute(ExecuteActionsTaskExecuter.java:179)
	at org.gradle.api.internal.tasks.execution.CleanupStaleOutputsExecuter.execute(CleanupStaleOutputsExecuter.java:109)
	at org.gradle.api.internal.tasks.execution.FinalizePropertiesTaskExecuter.execute(FinalizePropertiesTaskExecuter.java:46)
	at org.gradle.api.internal.tasks.execution.ResolveTaskExecutionModeExecuter.execute(ResolveTaskExecutionModeExecuter.java:62)
	at org.gradle.api.internal.tasks.execution.SkipTaskWithNoActionsExecuter.execute(SkipTaskWithNoActionsExecuter.java:57)
	at org.gradle.api.internal.tasks.execution.SkipOnlyIfTaskExecuter.execute(SkipOnlyIfTaskExecuter.java:56)
	at org.gradle.api.internal.tasks.execution.CatchExceptionTaskExecuter.execute(CatchExceptionTaskExecuter.java:36)
	at org.gradle.api.internal.tasks.execution.EventFiringTaskExecuter$1.executeTask(EventFiringTaskExecuter.java:77)
	at org.gradle.api.internal.tasks.execution.EventFiringTaskExecuter$1.call(EventFiringTaskExecuter.java:55)
	at org.gradle.api.internal.tasks.execution.EventFiringTaskExecuter$1.call(EventFiringTaskExecuter.java:52)
	at org.gradle.internal.operations.DefaultBuildOperationRunner$CallableBuildOperationWorker.execute(DefaultBuildOperationRunner.java:200)
	at org.gradle.internal.operations.DefaultBuildOperationRunner$CallableBuildOperationWorker.execute(DefaultBuildOperationRunner.java:195)
	at org.gradle.internal.operations.DefaultBuildOperationRunner$3.execute(DefaultBuildOperationRunner.java:75)
	at org.gradle.internal.operations.DefaultBuildOperationRunner$3.execute(DefaultBuildOperationRunner.java:68)
	at org.gradle.internal.operations.DefaultBuildOperationRunner.execute(DefaultBuildOperationRunner.java:153)
	at org.gradle.internal.operations.DefaultBuildOperationRunner.execute(DefaultBuildOperationRunner.java:68)
	at org.gradle.internal.operations.DefaultBuildOperationRunner.call(DefaultBuildOperationRunner.java:62)
	at org.gradle.internal.operations.DefaultBuildOperationExecutor.lambda$call$2(DefaultBuildOperationExecutor.java:76)
	at org.gradle.internal.operations.UnmanagedBuildOperationWrapper.callWithUnmanagedSupport(UnmanagedBuildOperationWrapper.java:54)
	at org.gradle.internal.operations.DefaultBuildOperationExecutor.call(DefaultBuildOperationExecutor.java:76)
	at org.gradle.api.internal.tasks.execution.EventFiringTaskExecuter.execute(EventFiringTaskExecuter.java:52)
	at org.gradle.execution.plan.LocalTaskNodeExecutor.execute(LocalTaskNodeExecutor.java:41)
	at org.gradle.execution.taskgraph.DefaultTaskExecutionGraph$InvokeNodeExecutorsAction.execute(DefaultTaskExecutionGraph.java:372)
	at org.gradle.execution.taskgraph.DefaultTaskExecutionGraph$InvokeNodeExecutorsAction.execute(DefaultTaskExecutionGraph.java:359)
	at org.gradle.execution.taskgraph.DefaultTaskExecutionGraph$BuildOperationAwareExecutionAction.execute(DefaultTaskExecutionGraph.java:352)
	at org.gradle.execution.taskgraph.DefaultTaskExecutionGraph$BuildOperationAwareExecutionAction.execute(DefaultTaskExecutionGraph.java:338)
	at org.gradle.execution.plan.DefaultPlanExecutor$ExecutorWorker.lambda$run$0(DefaultPlanExecutor.java:127)
	at org.gradle.execution.plan.DefaultPlanExecutor$ExecutorWorker.execute(DefaultPlanExecutor.java:191)
	at org.gradle.execution.plan.DefaultPlanExecutor$ExecutorWorker.executeNextNode(DefaultPlanExecutor.java:182)
	at org.gradle.execution.plan.DefaultPlanExecutor$ExecutorWorker.run(DefaultPlanExecutor.java:124)
	at org.gradle.internal.concurrent.ExecutorPolicy$CatchAndRecordFailures.onExecute(ExecutorPolicy.java:64)
	at org.gradle.internal.concurrent.ManagedExecutorImpl$1.run(ManagedExecutorImpl.java:48)
	at java.base/java.util.concurrent.ThreadPoolExecutor.runWorker(ThreadPoolExecutor.java:1128)
	at java.base/java.util.concurrent.ThreadPoolExecutor$Worker.run(ThreadPoolExecutor.java:628)
	at org.gradle.internal.concurrent.ThreadFactoryImpl$ManagedThreadRunnable.run(ThreadFactoryImpl.java:56)
	at java.base/java.lang.Thread.run(Thread.java:834)

Deprecated Gradle features were used in this build, making it incompatible with Gradle 7.0.
Use '--warning-mode all' to show the individual deprecation warnings.
See https://docs.gradle.org/6.7.1/userguide/command_line_interface.html#sec:command_line_warnings

BUILD SUCCESSFUL in 2m 40s
28 actionable tasks: 28 executed
2021-07-12T14:38:51.763+0530 [DEBUG] [org.gradle.launcher.daemon.server.exec.ExecuteBuild] The daemon has finished executing the build.
2021-07-12T14:38:51.781+0530 [DEBUG] [org.gradle.launcher.daemon.server.DaemonStateCoordinator] Cancel: daemon is busy, sleeping until state changes.
2021-07-12T14:38:51.781+0530 [DEBUG] [org.gradle.launcher.daemon.server.DaemonStateCoordinator] Command execution: finished waiting for DaemonCommandExecution[command = Build{id=3e00c14d-2818-4e1c-a4cf-c3c884197e87, currentDir=C:\Users\hp\AndroidStudioProjects\m4-diamonds}, connection = DefaultDaemonConnection: socket connection from /127.0.0.1:51894 to /127.0.0.1:51895]. Result org.gradle.launcher.daemon.server.DaemonStateCoordinator@49326d56 with state Canceled
2021-07-12T14:38:51.782+0530 [DEBUG] [org.gradle.launcher.daemon.server.DaemonStateCoordinator] Command execution: completed DaemonCommandExecution[command = Build{id=3e00c14d-2818-4e1c-a4cf-c3c884197e87, currentDir=C:\Users\hp\AndroidStudioProjects\m4-diamonds}, connection = DefaultDaemonConnection: socket connection from /127.0.0.1:51894 to /127.0.0.1:51895]
2021-07-12T14:38:51.782+0530 [DEBUG] [org.gradle.launcher.daemon.server.DaemonStateCoordinator] resetting idle timer
2021-07-12T14:38:51.782+0530 [INFO] [org.gradle.launcher.daemon.server.DaemonRegistryUpdater] Marking the daemon as idle, address: [4d2ad540-3172-4768-b478-b00974deb72f port:51894, addresses:[localhost/127.0.0.1]]
2021-07-12T14:38:51.782+0530 [DEBUG] [org.gradle.launcher.daemon.registry.PersistentDaemonRegistry] Marking busy by address: [4d2ad540-3172-4768-b478-b00974deb72f port:51894, addresses:[localhost/127.0.0.1]]
2021-07-12T14:38:51.784+0530 [DEBUG] [org.gradle.cache.internal.DefaultFileLockManager] Waiting to acquire exclusive lock on daemon addresses registry.
2021-07-12T14:38:51.785+0530 [DEBUG] [org.gradle.cache.internal.DefaultFileLockManager] Lock acquired on daemon addresses registry.
2021-07-12T14:38:51.786+0530 [DEBUG] [org.gradle.cache.internal.DefaultFileLockManager] Releasing lock on daemon addresses registry.
2021-07-12T14:38:51.787+0530 [DEBUG] [org.gradle.launcher.daemon.server.DaemonStateCoordinator] Cancel: daemon is idle now.
2021-07-12T14:38:51.788+0530 [DEBUG] [org.gradle.launcher.daemon.server.DaemonStateCoordinator] daemon is running. Sleeping until state changes.
2021-07-12T14:38:51.788+0530 [DEBUG] [org.gradle.launcher.daemon.server.exec.ReturnResult] Daemon is dispatching the build result: Success[value=org.gradle.launcher.exec.BuildActionResult@7291f80]
2021-07-12T14:38:51.788+0530 [DEBUG] [org.gradle.launcher.daemon.server.SynchronizedDispatchConnection] thread 18: dispatching Success[value=org.gradle.launcher.exec.BuildActionResult@7291f80]
2021-07-12T14:38:51.789+0530 [DEBUG] [org.gradle.launcher.daemon.server.DefaultIncomingConnectionHandler] Finishing executing command: Build{id=3e00c14d-2818-4e1c-a4cf-c3c884197e87, currentDir=C:\Users\hp\AndroidStudioProjects\m4-diamonds}
2021-07-12T14:38:51.791+0530 [DEBUG] [org.gradle.launcher.daemon.server.SynchronizedDispatchConnection] thread 19: received class org.gradle.launcher.daemon.protocol.Finished
2021-07-12T14:38:51.791+0530 [DEBUG] [org.gradle.launcher.daemon.server.DefaultDaemonConnection] thread 19: Received non-IO message from client: org.gradle.launcher.daemon.protocol.Finished@2ab84ca
2021-07-12T14:38:51.791+0530 [DEBUG] [org.gradle.launcher.daemon.server.DefaultIncomingConnectionHandler] Received finished message: org.gradle.launcher.daemon.protocol.Finished@2ab84ca
2021-07-12T14:38:51.794+0530 [DEBUG] [org.gradle.internal.remote.internal.inet.SocketConnection] Discarding EOFException: java.io.EOFException
2021-07-12T14:38:51.794+0530 [DEBUG] [org.gradle.launcher.daemon.server.SynchronizedDispatchConnection] thread 19: received null
2021-07-12T14:38:51.794+0530 [DEBUG] [org.gradle.launcher.daemon.server.DefaultDaemonConnection] thread 19: Received end-of-input from client.
2021-07-12T14:38:51.795+0530 [DEBUG] [org.gradle.launcher.daemon.server.SynchronizedDispatchConnection] thread 18: stopping connection
2021-07-12T14:38:51.812+0530 [DEBUG] [org.gradle.launcher.daemon.server.SynchronizedDispatchConnection] thread 18: stopping connection
2021-07-12T14:38:53.995+0530 [DEBUG] [org.gradle.internal.remote.internal.inet.TcpIncomingConnector] Accepted connection from /127.0.0.1:61587 to /127.0.0.1:51894.
2021-07-12T14:38:54.036+0530 [DEBUG] [org.gradle.launcher.daemon.server.SynchronizedDispatchConnection] thread 166: received class org.gradle.launcher.daemon.protocol.StopWhenIdle
2021-07-12T14:38:54.036+0530 [DEBUG] [org.gradle.launcher.daemon.server.DefaultDaemonConnection] thread 166: Received non-IO message from client: StopWhenIdle[id=63da588e-cbc9-4135-8532-f3d2bdac5dd9]
2021-07-12T14:38:54.037+0530 [INFO] [org.gradle.launcher.daemon.server.DefaultIncomingConnectionHandler] Received command: StopWhenIdle[id=63da588e-cbc9-4135-8532-f3d2bdac5dd9].
2021-07-12T14:38:54.037+0530 [DEBUG] [org.gradle.launcher.daemon.server.DefaultIncomingConnectionHandler] Starting executing command: StopWhenIdle[id=63da588e-cbc9-4135-8532-f3d2bdac5dd9] with connection: socket connection from /127.0.0.1:51894 to /127.0.0.1:61587.
2021-07-12T14:38:54.037+0530 [DEBUG] [org.gradle.launcher.daemon.server.DaemonRegistryUpdater] Storing daemon stop event: stop command received
2021-07-12T14:38:54.037+0530 [DEBUG] [org.gradle.launcher.daemon.registry.PersistentDaemonRegistry] Storing daemon stop event with timestamp 1626080934037
2021-07-12T14:38:54.039+0530 [DEBUG] [org.gradle.cache.internal.DefaultFileLockManager] Waiting to acquire exclusive lock on daemon addresses registry.
2021-07-12T14:38:54.040+0530 [DEBUG] [org.gradle.cache.internal.DefaultFileLockManager] Lock acquired on daemon addresses registry.
2021-07-12T14:38:54.051+0530 [DEBUG] [org.gradle.cache.internal.DefaultFileLockManager] Releasing lock on daemon addresses registry.
2021-07-12T14:38:54.055+0530 [LIFECYCLE] [org.gradle.launcher.daemon.server.DaemonStateCoordinator] Daemon will be stopped at the end of the build stop command received
2021-07-12T14:38:54.055+0530 [DEBUG] [org.gradle.launcher.daemon.server.DaemonStateCoordinator] Marking daemon stopped due to stop command received. The daemon is running a build: false
2021-07-12T14:38:54.056+0530 [DEBUG] [org.gradle.launcher.daemon.server.DaemonStateCoordinator] daemon has stopped.
2021-07-12T14:38:54.056+0530 [DEBUG] [org.gradle.launcher.daemon.server.Daemon] stop() called on daemon
2021-07-12T14:38:54.056+0530 [INFO] [org.gradle.launcher.daemon.server.Daemon] Stop requested. Daemon is removing its presence from the registry...
2021-07-12T14:38:54.056+0530 [DEBUG] [org.gradle.launcher.daemon.server.DaemonRegistryUpdater] Removing our presence to clients, eg. removing this address from the registry: [4d2ad540-3172-4768-b478-b00974deb72f port:51894, addresses:[localhost/127.0.0.1]]
2021-07-12T14:38:54.056+0530 [DEBUG] [org.gradle.launcher.daemon.server.SynchronizedDispatchConnection] thread 18: dispatching Success[value=null]
2021-07-12T14:38:54.057+0530 [DEBUG] [org.gradle.launcher.daemon.server.DefaultIncomingConnectionHandler] Finishing executing command: StopWhenIdle[id=63da588e-cbc9-4135-8532-f3d2bdac5dd9]
2021-07-12T14:38:54.057+0530 [DEBUG] [org.gradle.launcher.daemon.registry.PersistentDaemonRegistry] Removing daemon address: [4d2ad540-3172-4768-b478-b00974deb72f port:51894, addresses:[localhost/127.0.0.1]]
2021-07-12T14:38:54.057+0530 [DEBUG] [org.gradle.launcher.daemon.server.SynchronizedDispatchConnection] thread 166: received class org.gradle.launcher.daemon.protocol.Finished
2021-07-12T14:38:54.064+0530 [DEBUG] [org.gradle.launcher.daemon.server.DefaultDaemonConnection] thread 166: Received non-IO message from client: org.gradle.launcher.daemon.protocol.Finished@5d9b5679
2021-07-12T14:38:54.065+0530 [DEBUG] [org.gradle.internal.remote.internal.inet.SocketConnection] Discarding EOFException: java.io.EOFException
2021-07-12T14:38:54.065+0530 [DEBUG] [org.gradle.launcher.daemon.server.SynchronizedDispatchConnection] thread 166: received null
2021-07-12T14:38:54.065+0530 [DEBUG] [org.gradle.launcher.daemon.server.DefaultDaemonConnection] thread 166: Received end-of-input from client.
2021-07-12T14:38:54.066+0530 [DEBUG] [org.gradle.launcher.daemon.server.DefaultIncomingConnectionHandler] Received finished message: null
2021-07-12T14:38:54.066+0530 [DEBUG] [org.gradle.launcher.daemon.server.SynchronizedDispatchConnection] thread 18: stopping connection
2021-07-12T14:38:54.066+0530 [DEBUG] [org.gradle.cache.internal.DefaultFileLockManager] Waiting to acquire exclusive lock on daemon addresses registry.
2021-07-12T14:38:54.067+0530 [DEBUG] [org.gradle.launcher.daemon.server.SynchronizedDispatchConnection] thread 18: stopping connection
2021-07-12T14:38:54.074+0530 [DEBUG] [org.gradle.cache.internal.DefaultFileLockManager] Lock acquired on daemon addresses registry.
2021-07-12T14:38:54.077+0530 [DEBUG] [org.gradle.cache.internal.DefaultFileLockManager] Releasing lock on daemon addresses registry.
2021-07-12T14:38:54.078+0530 [DEBUG] [org.gradle.launcher.daemon.server.DaemonRegistryUpdater] Address removed from registry.
2021-07-12T14:38:54.097+0530 [DEBUG] [org.gradle.cache.internal.LockOnDemandCrossProcessCacheAccess] Releasing file lock for jars (C:\Users\hp\AndroidStudioProjects\m3-shapes\caches\jars-8)
2021-07-12T14:38:54.097+0530 [DEBUG] [org.gradle.cache.internal.DefaultFileLockManager] Releasing lock on jars (C:\Users\hp\AndroidStudioProjects\m3-shapes\caches\jars-8).
2021-07-12T14:38:54.098+0530 [DEBUG] [org.gradle.cache.internal.DefaultPersistentDirectoryStore] jars (C:\Users\hp\AndroidStudioProjects\m3-shapes\caches\jars-8) has last been fully cleaned up 0 hours ago
2021-07-12T14:38:54.100+0530 [DEBUG] [org.gradle.cache.internal.LockOnDemandCrossProcessCacheAccess] Releasing file lock for file content cache (C:\Users\hp\AndroidStudioProjects\m3-shapes\caches\6.7.1\fileContent)
2021-07-12T14:38:54.101+0530 [DEBUG] [org.gradle.cache.internal.DefaultFileLockManager] Releasing lock on file content cache (C:\Users\hp\AndroidStudioProjects\m3-shapes\caches\6.7.1\fileContent).
2021-07-12T14:38:54.107+0530 [DEBUG] [org.gradle.cache.internal.LockOnDemandCrossProcessCacheAccess] Releasing file lock for Java compile cache (C:\Users\hp\AndroidStudioProjects\m3-shapes\caches\6.7.1\javaCompile)
2021-07-12T14:38:54.108+0530 [DEBUG] [org.gradle.cache.internal.btree.BTreePersistentIndexedCache] Closing cache jarAnalysis.bin (C:\Users\hp\AndroidStudioProjects\m3-shapes\caches\6.7.1\javaCompile\jarAnalysis.bin)
2021-07-12T14:38:54.108+0530 [DEBUG] [org.gradle.cache.internal.DefaultFileLockManager] Releasing lock on Java compile cache (C:\Users\hp\AndroidStudioProjects\m3-shapes\caches\6.7.1\javaCompile).
2021-07-12T14:38:54.111+0530 [DEBUG] [org.gradle.cache.internal.LockOnDemandCrossProcessCacheAccess] Releasing file lock for Artifact transforms cache (C:\Users\hp\AndroidStudioProjects\m3-shapes\caches\transforms-2)
2021-07-12T14:38:54.119+0530 [DEBUG] [org.gradle.cache.internal.DefaultFileLockManager] Releasing lock on Artifact transforms cache (C:\Users\hp\AndroidStudioProjects\m3-shapes\caches\transforms-2).
2021-07-12T14:38:54.200+0530 [DEBUG] [org.gradle.cache.internal.DefaultPersistentDirectoryStore] Artifact transforms cache (C:\Users\hp\AndroidStudioProjects\m3-shapes\caches\transforms-2) has last been fully cleaned up 0 hours ago
2021-07-12T14:38:54.201+0530 [DEBUG] [org.gradle.cache.internal.LockOnDemandCrossProcessCacheAccess] Releasing file lock for artifact cache (C:\Users\hp\AndroidStudioProjects\m3-shapes\caches\modules-2)
2021-07-12T14:38:54.202+0530 [DEBUG] [org.gradle.cache.internal.btree.BTreePersistentIndexedCache] Closing cache module-artifacts.bin (C:\Users\hp\AndroidStudioProjects\m3-shapes\caches\modules-2\metadata-2.96\module-artifacts.bin)
2021-07-12T14:38:54.203+0530 [DEBUG] [org.gradle.cache.internal.btree.BTreePersistentIndexedCache] Closing cache module-metadata.bin (C:\Users\hp\AndroidStudioProjects\m3-shapes\caches\modules-2\metadata-2.96\module-metadata.bin)
2021-07-12T14:38:54.204+0530 [DEBUG] [org.gradle.cache.internal.btree.BTreePersistentIndexedCache] Closing cache module-artifact.bin (C:\Users\hp\AndroidStudioProjects\m3-shapes\caches\modules-2\metadata-2.96\module-artifact.bin)
2021-07-12T14:38:54.204+0530 [DEBUG] [org.gradle.cache.internal.DefaultFileLockManager] Releasing lock on artifact cache (C:\Users\hp\AndroidStudioProjects\m3-shapes\caches\modules-2).
2021-07-12T14:38:54.223+0530 [DEBUG] [org.gradle.cache.internal.DefaultPersistentDirectoryStore] artifact cache (C:\Users\hp\AndroidStudioProjects\m3-shapes\caches\modules-2) has last been fully cleaned up 0 hours ago
2021-07-12T14:38:54.227+0530 [DEBUG] [org.gradle.cache.internal.LockOnDemandCrossProcessCacheAccess] Releasing file lock for journal cache (C:\Users\hp\AndroidStudioProjects\m3-shapes\caches\journal-1)
2021-07-12T14:38:54.250+0530 [DEBUG] [org.gradle.cache.internal.btree.BTreePersistentIndexedCache] Closing cache file-access.bin (C:\Users\hp\AndroidStudioProjects\m3-shapes\caches\journal-1\file-access.bin)
2021-07-12T14:38:54.290+0530 [DEBUG] [org.gradle.cache.internal.DefaultFileLockManager] Releasing lock on journal cache (C:\Users\hp\AndroidStudioProjects\m3-shapes\caches\journal-1).
2021-07-12T14:38:54.293+0530 [DEBUG] [org.gradle.cache.internal.DefaultCacheAccess] Cache Generated Gradle JARs cache (C:\Users\hp\AndroidStudioProjects\m3-shapes\caches\6.7.1\generated-gradle-jars) was closed 0 times.
2021-07-12T14:38:54.293+0530 [DEBUG] [org.gradle.cache.internal.LockOnDemandCrossProcessCacheAccess] Releasing file lock for file hash cache (C:\Users\hp\AndroidStudioProjects\m3-shapes\caches\6.7.1\fileHashes)
2021-07-12T14:38:54.294+0530 [DEBUG] [org.gradle.cache.internal.btree.BTreePersistentIndexedCache] Closing cache fileHashes.bin (C:\Users\hp\AndroidStudioProjects\m3-shapes\caches\6.7.1\fileHashes\fileHashes.bin)
2021-07-12T14:38:54.294+0530 [DEBUG] [org.gradle.cache.internal.btree.BTreePersistentIndexedCache] Closing cache resourceHashesCache.bin (C:\Users\hp\AndroidStudioProjects\m3-shapes\caches\6.7.1\fileHashes\resourceHashesCache.bin)
2021-07-12T14:38:54.294+0530 [DEBUG] [org.gradle.cache.internal.DefaultFileLockManager] Releasing lock on file hash cache (C:\Users\hp\AndroidStudioProjects\m3-shapes\caches\6.7.1\fileHashes).
2021-07-12T14:38:54.296+0530 [DEBUG] [org.gradle.cache.internal.LockOnDemandCrossProcessCacheAccess] Releasing file lock for execution history cache (C:\Users\hp\AndroidStudioProjects\m3-shapes\caches\6.7.1\executionHistory)
2021-07-12T14:38:54.296+0530 [DEBUG] [org.gradle.cache.internal.btree.BTreePersistentIndexedCache] Closing cache executionHistory.bin (C:\Users\hp\AndroidStudioProjects\m3-shapes\caches\6.7.1\executionHistory\executionHistory.bin)
2021-07-12T14:38:54.296+0530 [DEBUG] [org.gradle.cache.internal.DefaultFileLockManager] Releasing lock on execution history cache (C:\Users\hp\AndroidStudioProjects\m3-shapes\caches\6.7.1\executionHistory).
Daemon vm is shutting down... The daemon has exited normally or was terminated in response to a user interrupt.
2021-07-12T14:38:54.308+0530 [DEBUG] [org.gradle.launcher.daemon.registry.PersistentDaemonRegistry] Removing daemon address: [4d2ad540-3172-4768-b478-b00974deb72f port:51894, addresses:[localhost/127.0.0.1]]
2021-07-12T14:38:54.309+0530 [DEBUG] [org.gradle.cache.internal.DefaultFileLockManager] Waiting to acquire exclusive lock on daemon addresses registry.
2021-07-12T14:38:54.310+0530 [DEBUG] [org.gradle.cache.internal.DefaultFileLockManager] Lock acquired on daemon addresses registry.
2021-07-12T14:38:54.311+0530 [DEBUG] [org.gradle.cache.internal.DefaultFileLockManager] Releasing lock on daemon addresses registry.
